<?xml version="1.0" encoding="UTF-8"?>
<testsuite xmlns:xsi="http://www.w3.org/2001/XMLSchema-instance" xsi:noNamespaceSchemaLocation="https://maven.apache.org/surefire/maven-surefire-plugin/xsd/surefire-test-report.xsd" name="fr.simplex_software.micro_services_without_spring.customers.tests.TestCustomers" time="0.714" tests="7" errors="0" skipped="0" failures="0">
  <properties>
    <property name="awt.toolkit" value="sun.awt.X11.XToolkit"/>
    <property name="java.specification.version" value="11"/>
    <property name="sun.cpu.isalist" value=""/>
    <property name="sun.jnu.encoding" value="UTF-8"/>
    <property name="java.class.path" value="/home/nicolas/IdeaProjects/micro-services-without-spring/customers/target/test-classes:/home/nicolas/IdeaProjects/micro-services-without-spring/customers/target/classes:/home/nicolas/.m2/repository/jakarta/platform/jakarta.jakartaee-api/8.0.0/jakarta.jakartaee-api-8.0.0.jar:/home/nicolas/.m2/repository/javax/enterprise/cdi-api/2.0/cdi-api-2.0.jar:/home/nicolas/.m2/repository/javax/el/javax.el-api/3.0.0/javax.el-api-3.0.0.jar:/home/nicolas/.m2/repository/javax/interceptor/javax.interceptor-api/1.2/javax.interceptor-api-1.2.jar:/home/nicolas/.m2/repository/javax/inject/javax.inject/1/javax.inject-1.jar:/home/nicolas/.m2/repository/javax/ws/rs/javax.ws.rs-api/2.1/javax.ws.rs-api-2.1.jar:/home/nicolas/.m2/repository/javax/json/bind/javax.json.bind-api/1.0/javax.json.bind-api-1.0.jar:/home/nicolas/.m2/repository/javax/json/javax.json-api/1.1/javax.json-api-1.1.jar:/home/nicolas/.m2/repository/javax/annotation/javax.annotation-api/1.3/javax.annotation-api-1.3.jar:/home/nicolas/.m2/repository/org/eclipse/microprofile/config/microprofile-config-api/1.4/microprofile-config-api-1.4.jar:/home/nicolas/.m2/repository/org/eclipse/microprofile/fault-tolerance/microprofile-fault-tolerance-api/2.1/microprofile-fault-tolerance-api-2.1.jar:/home/nicolas/.m2/repository/org/osgi/org.osgi.annotation.versioning/1.0.0/org.osgi.annotation.versioning-1.0.0.jar:/home/nicolas/.m2/repository/org/eclipse/microprofile/health/microprofile-health-api/2.2/microprofile-health-api-2.2.jar:/home/nicolas/.m2/repository/org/eclipse/microprofile/metrics/microprofile-metrics-api/2.3/microprofile-metrics-api-2.3.jar:/home/nicolas/.m2/repository/org/eclipse/microprofile/jwt/microprofile-jwt-auth-api/1.1/microprofile-jwt-auth-api-1.1.jar:/home/nicolas/.m2/repository/org/eclipse/microprofile/openapi/microprofile-openapi-api/1.1/microprofile-openapi-api-1.1.jar:/home/nicolas/.m2/repository/org/eclipse/microprofile/rest/client/microprofile-rest-client-api/1.4.0/microprofile-rest-client-api-1.4.0.jar:/home/nicolas/.m2/repository/org/eclipse/microprofile/opentracing/microprofile-opentracing-api/1.3/microprofile-opentracing-api-1.3.jar:/home/nicolas/.m2/repository/org/microprofile-ext/health-ext/healthprobe-jvm/1.1.0/healthprobe-jvm-1.1.0.jar:/home/nicolas/.m2/repository/org/microprofile-ext/health-ext/healthprobe-system/1.1.0/healthprobe-system-1.1.0.jar:/home/nicolas/.m2/repository/org/jboss/resteasy/resteasy-jaxrs/3.11.2.Final/resteasy-jaxrs-3.11.2.Final.jar:/home/nicolas/.m2/repository/org/jboss/spec/javax/ws/rs/jboss-jaxrs-api_2.1_spec/2.0.1.Final/jboss-jaxrs-api_2.1_spec-2.0.1.Final.jar:/home/nicolas/.m2/repository/org/jboss/spec/javax/xml/bind/jboss-jaxb-api_2.3_spec/1.0.1.Final/jboss-jaxb-api_2.3_spec-1.0.1.Final.jar:/home/nicolas/.m2/repository/org/reactivestreams/reactive-streams/1.0.3/reactive-streams-1.0.3.jar:/home/nicolas/.m2/repository/jakarta/validation/jakarta.validation-api/2.0.2/jakarta.validation-api-2.0.2.jar:/home/nicolas/.m2/repository/org/jboss/spec/javax/annotation/jboss-annotations-api_1.3_spec/2.0.1.Final/jboss-annotations-api_1.3_spec-2.0.1.Final.jar:/home/nicolas/.m2/repository/com/sun/activation/jakarta.activation/1.2.1/jakarta.activation-1.2.1.jar:/home/nicolas/.m2/repository/org/apache/httpcomponents/httpclient/4.5.10/httpclient-4.5.10.jar:/home/nicolas/.m2/repository/org/apache/httpcomponents/httpcore/4.4.12/httpcore-4.4.12.jar:/home/nicolas/.m2/repository/commons-logging/commons-logging/1.2/commons-logging-1.2.jar:/home/nicolas/.m2/repository/commons-io/commons-io/2.5/commons-io-2.5.jar:/home/nicolas/.m2/repository/com/github/stephenc/jcip/jcip-annotations/1.0-1/jcip-annotations-1.0-1.jar:/home/nicolas/.m2/repository/org/jboss/logging/jboss-logging/3.3.2.Final/jboss-logging-3.3.2.Final.jar:/home/nicolas/.m2/repository/jakarta/xml/bind/jakarta.xml.bind-api/2.3.3/jakarta.xml.bind-api-2.3.3.jar:/home/nicolas/.m2/repository/jakarta/activation/jakarta.activation-api/1.2.2/jakarta.activation-api-1.2.2.jar:/home/nicolas/.m2/repository/org/projectlombok/lombok/1.18.16/lombok-1.18.16.jar:/home/nicolas/.m2/repository/com/sun/mail/jakarta.mail/1.6.4/jakarta.mail-1.6.4.jar:/home/nicolas/.m2/repository/org/slf4j/slf4j-log4j12/1.7.30/slf4j-log4j12-1.7.30.jar:/home/nicolas/.m2/repository/org/slf4j/slf4j-api/1.7.30/slf4j-api-1.7.30.jar:/home/nicolas/.m2/repository/log4j/log4j/1.2.17/log4j-1.2.17.jar:/home/nicolas/.m2/repository/org/junit/platform/junit-platform-launcher/1.6.2/junit-platform-launcher-1.6.2.jar:/home/nicolas/.m2/repository/org/apiguardian/apiguardian-api/1.1.0/apiguardian-api-1.1.0.jar:/home/nicolas/.m2/repository/org/junit/platform/junit-platform-engine/1.6.2/junit-platform-engine-1.6.2.jar:/home/nicolas/.m2/repository/org/opentest4j/opentest4j/1.2.0/opentest4j-1.2.0.jar:/home/nicolas/.m2/repository/org/junit/platform/junit-platform-commons/1.6.2/junit-platform-commons-1.6.2.jar:/home/nicolas/.m2/repository/org/junit/jupiter/junit-jupiter-engine/5.6.2/junit-jupiter-engine-5.6.2.jar:/home/nicolas/.m2/repository/org/junit/jupiter/junit-jupiter-api/5.6.2/junit-jupiter-api-5.6.2.jar:/home/nicolas/.m2/repository/org/junit/vintage/junit-vintage-engine/5.6.2/junit-vintage-engine-5.6.2.jar:/home/nicolas/.m2/repository/junit/junit/4.13/junit-4.13.jar:/home/nicolas/.m2/repository/org/hamcrest/hamcrest-core/1.3/hamcrest-core-1.3.jar:/home/nicolas/.m2/repository/org/assertj/assertj-core/3.17.2/assertj-core-3.17.2.jar:/home/nicolas/.m2/repository/org/mockito/mockito-core/3.5.11/mockito-core-3.5.11.jar:/home/nicolas/.m2/repository/net/bytebuddy/byte-buddy/1.10.13/byte-buddy-1.10.13.jar:/home/nicolas/.m2/repository/net/bytebuddy/byte-buddy-agent/1.10.13/byte-buddy-agent-1.10.13.jar:/home/nicolas/.m2/repository/org/objenesis/objenesis/3.1/objenesis-3.1.jar:/home/nicolas/.m2/repository/org/mockito/mockito-junit-jupiter/3.5.11/mockito-junit-jupiter-3.5.11.jar:/home/nicolas/.m2/repository/org/testcontainers/testcontainers/1.14.3/testcontainers-1.14.3.jar:/home/nicolas/.m2/repository/org/jetbrains/annotations/19.0.0/annotations-19.0.0.jar:/home/nicolas/.m2/repository/org/apache/commons/commons-compress/1.20/commons-compress-1.20.jar:/home/nicolas/.m2/repository/org/rnorth/duct-tape/duct-tape/1.0.8/duct-tape-1.0.8.jar:/home/nicolas/.m2/repository/org/rnorth/visible-assertions/visible-assertions/2.1.2/visible-assertions-2.1.2.jar:/home/nicolas/.m2/repository/org/rnorth/tcp-unix-socket-proxy/1.0.2/tcp-unix-socket-proxy-1.0.2.jar:/home/nicolas/.m2/repository/com/kohlschutter/junixsocket/junixsocket-native-common/2.0.4/junixsocket-native-common-2.0.4.jar:/home/nicolas/.m2/repository/org/scijava/native-lib-loader/2.0.2/native-lib-loader-2.0.2.jar:/home/nicolas/.m2/repository/com/kohlschutter/junixsocket/junixsocket-common/2.0.4/junixsocket-common-2.0.4.jar:/home/nicolas/.m2/repository/net/java/dev/jna/jna-platform/5.5.0/jna-platform-5.5.0.jar:/home/nicolas/.m2/repository/net/java/dev/jna/jna/5.5.0/jna-5.5.0.jar:/home/nicolas/.m2/repository/org/testcontainers/junit-jupiter/1.14.3/junit-jupiter-1.14.3.jar:/home/nicolas/.m2/repository/io/rest-assured/rest-assured/4.3.3/rest-assured-4.3.3.jar:/home/nicolas/.m2/repository/org/codehaus/groovy/groovy/3.0.7/groovy-3.0.7.jar:/home/nicolas/.m2/repository/org/codehaus/groovy/groovy-xml/3.0.7/groovy-xml-3.0.7.jar:/home/nicolas/.m2/repository/org/apache/httpcomponents/httpmime/4.5.3/httpmime-4.5.3.jar:/home/nicolas/.m2/repository/org/hamcrest/hamcrest/2.1/hamcrest-2.1.jar:/home/nicolas/.m2/repository/org/ccil/cowan/tagsoup/tagsoup/1.2.1/tagsoup-1.2.1.jar:/home/nicolas/.m2/repository/io/rest-assured/json-path/4.3.3/json-path-4.3.3.jar:/home/nicolas/.m2/repository/org/codehaus/groovy/groovy-json/3.0.7/groovy-json-3.0.7.jar:/home/nicolas/.m2/repository/io/rest-assured/rest-assured-common/4.3.3/rest-assured-common-4.3.3.jar:/home/nicolas/.m2/repository/io/rest-assured/xml-path/4.3.3/xml-path-4.3.3.jar:/home/nicolas/.m2/repository/org/apache/commons/commons-lang3/3.11/commons-lang3-3.11.jar:/home/nicolas/.m2/repository/com/sun/xml/bind/jaxb-impl/2.3.3/jaxb-impl-2.3.3.jar:/home/nicolas/.m2/repository/org/jboss/resteasy/resteasy-client/3.11.2.Final/resteasy-client-3.11.2.Final.jar:/home/nicolas/.m2/repository/commons-codec/commons-codec/1.13/commons-codec-1.13.jar:"/>
    <property name="java.vm.vendor" value="Oracle Corporation"/>
    <property name="sun.arch.data.model" value="64"/>
    <property name="java.vendor.url" value="https://openjdk.java.net/"/>
    <property name="user.timezone" value=""/>
    <property name="java.vm.specification.version" value="11"/>
    <property name="os.name" value="Linux"/>
    <property name="sun.java.launcher" value="SUN_STANDARD"/>
    <property name="user.country" value="US"/>
    <property name="sun.boot.library.path" value="/usr/lib/jvm/java-11-oracle/lib"/>
    <property name="sun.java.command" value="/home/nicolas/IdeaProjects/micro-services-without-spring/customers/target/surefire/surefirebooter12879778580787888594.jar /home/nicolas/IdeaProjects/micro-services-without-spring/customers/target/surefire 2021-01-30T19-52-05_450-jvmRun1 surefire17241474616437902034tmp surefire_010923080148745342788tmp"/>
    <property name="jdk.debug" value="release"/>
    <property name="surefire.test.class.path" value="/home/nicolas/IdeaProjects/micro-services-without-spring/customers/target/test-classes:/home/nicolas/IdeaProjects/micro-services-without-spring/customers/target/classes:/home/nicolas/.m2/repository/jakarta/platform/jakarta.jakartaee-api/8.0.0/jakarta.jakartaee-api-8.0.0.jar:/home/nicolas/.m2/repository/javax/enterprise/cdi-api/2.0/cdi-api-2.0.jar:/home/nicolas/.m2/repository/javax/el/javax.el-api/3.0.0/javax.el-api-3.0.0.jar:/home/nicolas/.m2/repository/javax/interceptor/javax.interceptor-api/1.2/javax.interceptor-api-1.2.jar:/home/nicolas/.m2/repository/javax/inject/javax.inject/1/javax.inject-1.jar:/home/nicolas/.m2/repository/javax/ws/rs/javax.ws.rs-api/2.1/javax.ws.rs-api-2.1.jar:/home/nicolas/.m2/repository/javax/json/bind/javax.json.bind-api/1.0/javax.json.bind-api-1.0.jar:/home/nicolas/.m2/repository/javax/json/javax.json-api/1.1/javax.json-api-1.1.jar:/home/nicolas/.m2/repository/javax/annotation/javax.annotation-api/1.3/javax.annotation-api-1.3.jar:/home/nicolas/.m2/repository/org/eclipse/microprofile/config/microprofile-config-api/1.4/microprofile-config-api-1.4.jar:/home/nicolas/.m2/repository/org/eclipse/microprofile/fault-tolerance/microprofile-fault-tolerance-api/2.1/microprofile-fault-tolerance-api-2.1.jar:/home/nicolas/.m2/repository/org/osgi/org.osgi.annotation.versioning/1.0.0/org.osgi.annotation.versioning-1.0.0.jar:/home/nicolas/.m2/repository/org/eclipse/microprofile/health/microprofile-health-api/2.2/microprofile-health-api-2.2.jar:/home/nicolas/.m2/repository/org/eclipse/microprofile/metrics/microprofile-metrics-api/2.3/microprofile-metrics-api-2.3.jar:/home/nicolas/.m2/repository/org/eclipse/microprofile/jwt/microprofile-jwt-auth-api/1.1/microprofile-jwt-auth-api-1.1.jar:/home/nicolas/.m2/repository/org/eclipse/microprofile/openapi/microprofile-openapi-api/1.1/microprofile-openapi-api-1.1.jar:/home/nicolas/.m2/repository/org/eclipse/microprofile/rest/client/microprofile-rest-client-api/1.4.0/microprofile-rest-client-api-1.4.0.jar:/home/nicolas/.m2/repository/org/eclipse/microprofile/opentracing/microprofile-opentracing-api/1.3/microprofile-opentracing-api-1.3.jar:/home/nicolas/.m2/repository/org/microprofile-ext/health-ext/healthprobe-jvm/1.1.0/healthprobe-jvm-1.1.0.jar:/home/nicolas/.m2/repository/org/microprofile-ext/health-ext/healthprobe-system/1.1.0/healthprobe-system-1.1.0.jar:/home/nicolas/.m2/repository/org/jboss/resteasy/resteasy-jaxrs/3.11.2.Final/resteasy-jaxrs-3.11.2.Final.jar:/home/nicolas/.m2/repository/org/jboss/spec/javax/ws/rs/jboss-jaxrs-api_2.1_spec/2.0.1.Final/jboss-jaxrs-api_2.1_spec-2.0.1.Final.jar:/home/nicolas/.m2/repository/org/jboss/spec/javax/xml/bind/jboss-jaxb-api_2.3_spec/1.0.1.Final/jboss-jaxb-api_2.3_spec-1.0.1.Final.jar:/home/nicolas/.m2/repository/org/reactivestreams/reactive-streams/1.0.3/reactive-streams-1.0.3.jar:/home/nicolas/.m2/repository/jakarta/validation/jakarta.validation-api/2.0.2/jakarta.validation-api-2.0.2.jar:/home/nicolas/.m2/repository/org/jboss/spec/javax/annotation/jboss-annotations-api_1.3_spec/2.0.1.Final/jboss-annotations-api_1.3_spec-2.0.1.Final.jar:/home/nicolas/.m2/repository/com/sun/activation/jakarta.activation/1.2.1/jakarta.activation-1.2.1.jar:/home/nicolas/.m2/repository/org/apache/httpcomponents/httpclient/4.5.10/httpclient-4.5.10.jar:/home/nicolas/.m2/repository/org/apache/httpcomponents/httpcore/4.4.12/httpcore-4.4.12.jar:/home/nicolas/.m2/repository/commons-logging/commons-logging/1.2/commons-logging-1.2.jar:/home/nicolas/.m2/repository/commons-io/commons-io/2.5/commons-io-2.5.jar:/home/nicolas/.m2/repository/com/github/stephenc/jcip/jcip-annotations/1.0-1/jcip-annotations-1.0-1.jar:/home/nicolas/.m2/repository/org/jboss/logging/jboss-logging/3.3.2.Final/jboss-logging-3.3.2.Final.jar:/home/nicolas/.m2/repository/jakarta/xml/bind/jakarta.xml.bind-api/2.3.3/jakarta.xml.bind-api-2.3.3.jar:/home/nicolas/.m2/repository/jakarta/activation/jakarta.activation-api/1.2.2/jakarta.activation-api-1.2.2.jar:/home/nicolas/.m2/repository/org/projectlombok/lombok/1.18.16/lombok-1.18.16.jar:/home/nicolas/.m2/repository/com/sun/mail/jakarta.mail/1.6.4/jakarta.mail-1.6.4.jar:/home/nicolas/.m2/repository/org/slf4j/slf4j-log4j12/1.7.30/slf4j-log4j12-1.7.30.jar:/home/nicolas/.m2/repository/org/slf4j/slf4j-api/1.7.30/slf4j-api-1.7.30.jar:/home/nicolas/.m2/repository/log4j/log4j/1.2.17/log4j-1.2.17.jar:/home/nicolas/.m2/repository/org/junit/platform/junit-platform-launcher/1.6.2/junit-platform-launcher-1.6.2.jar:/home/nicolas/.m2/repository/org/apiguardian/apiguardian-api/1.1.0/apiguardian-api-1.1.0.jar:/home/nicolas/.m2/repository/org/junit/platform/junit-platform-engine/1.6.2/junit-platform-engine-1.6.2.jar:/home/nicolas/.m2/repository/org/opentest4j/opentest4j/1.2.0/opentest4j-1.2.0.jar:/home/nicolas/.m2/repository/org/junit/platform/junit-platform-commons/1.6.2/junit-platform-commons-1.6.2.jar:/home/nicolas/.m2/repository/org/junit/jupiter/junit-jupiter-engine/5.6.2/junit-jupiter-engine-5.6.2.jar:/home/nicolas/.m2/repository/org/junit/jupiter/junit-jupiter-api/5.6.2/junit-jupiter-api-5.6.2.jar:/home/nicolas/.m2/repository/org/junit/vintage/junit-vintage-engine/5.6.2/junit-vintage-engine-5.6.2.jar:/home/nicolas/.m2/repository/junit/junit/4.13/junit-4.13.jar:/home/nicolas/.m2/repository/org/hamcrest/hamcrest-core/1.3/hamcrest-core-1.3.jar:/home/nicolas/.m2/repository/org/assertj/assertj-core/3.17.2/assertj-core-3.17.2.jar:/home/nicolas/.m2/repository/org/mockito/mockito-core/3.5.11/mockito-core-3.5.11.jar:/home/nicolas/.m2/repository/net/bytebuddy/byte-buddy/1.10.13/byte-buddy-1.10.13.jar:/home/nicolas/.m2/repository/net/bytebuddy/byte-buddy-agent/1.10.13/byte-buddy-agent-1.10.13.jar:/home/nicolas/.m2/repository/org/objenesis/objenesis/3.1/objenesis-3.1.jar:/home/nicolas/.m2/repository/org/mockito/mockito-junit-jupiter/3.5.11/mockito-junit-jupiter-3.5.11.jar:/home/nicolas/.m2/repository/org/testcontainers/testcontainers/1.14.3/testcontainers-1.14.3.jar:/home/nicolas/.m2/repository/org/jetbrains/annotations/19.0.0/annotations-19.0.0.jar:/home/nicolas/.m2/repository/org/apache/commons/commons-compress/1.20/commons-compress-1.20.jar:/home/nicolas/.m2/repository/org/rnorth/duct-tape/duct-tape/1.0.8/duct-tape-1.0.8.jar:/home/nicolas/.m2/repository/org/rnorth/visible-assertions/visible-assertions/2.1.2/visible-assertions-2.1.2.jar:/home/nicolas/.m2/repository/org/rnorth/tcp-unix-socket-proxy/1.0.2/tcp-unix-socket-proxy-1.0.2.jar:/home/nicolas/.m2/repository/com/kohlschutter/junixsocket/junixsocket-native-common/2.0.4/junixsocket-native-common-2.0.4.jar:/home/nicolas/.m2/repository/org/scijava/native-lib-loader/2.0.2/native-lib-loader-2.0.2.jar:/home/nicolas/.m2/repository/com/kohlschutter/junixsocket/junixsocket-common/2.0.4/junixsocket-common-2.0.4.jar:/home/nicolas/.m2/repository/net/java/dev/jna/jna-platform/5.5.0/jna-platform-5.5.0.jar:/home/nicolas/.m2/repository/net/java/dev/jna/jna/5.5.0/jna-5.5.0.jar:/home/nicolas/.m2/repository/org/testcontainers/junit-jupiter/1.14.3/junit-jupiter-1.14.3.jar:/home/nicolas/.m2/repository/io/rest-assured/rest-assured/4.3.3/rest-assured-4.3.3.jar:/home/nicolas/.m2/repository/org/codehaus/groovy/groovy/3.0.7/groovy-3.0.7.jar:/home/nicolas/.m2/repository/org/codehaus/groovy/groovy-xml/3.0.7/groovy-xml-3.0.7.jar:/home/nicolas/.m2/repository/org/apache/httpcomponents/httpmime/4.5.3/httpmime-4.5.3.jar:/home/nicolas/.m2/repository/org/hamcrest/hamcrest/2.1/hamcrest-2.1.jar:/home/nicolas/.m2/repository/org/ccil/cowan/tagsoup/tagsoup/1.2.1/tagsoup-1.2.1.jar:/home/nicolas/.m2/repository/io/rest-assured/json-path/4.3.3/json-path-4.3.3.jar:/home/nicolas/.m2/repository/org/codehaus/groovy/groovy-json/3.0.7/groovy-json-3.0.7.jar:/home/nicolas/.m2/repository/io/rest-assured/rest-assured-common/4.3.3/rest-assured-common-4.3.3.jar:/home/nicolas/.m2/repository/io/rest-assured/xml-path/4.3.3/xml-path-4.3.3.jar:/home/nicolas/.m2/repository/org/apache/commons/commons-lang3/3.11/commons-lang3-3.11.jar:/home/nicolas/.m2/repository/com/sun/xml/bind/jaxb-impl/2.3.3/jaxb-impl-2.3.3.jar:/home/nicolas/.m2/repository/org/jboss/resteasy/resteasy-client/3.11.2.Final/resteasy-client-3.11.2.Final.jar:/home/nicolas/.m2/repository/commons-codec/commons-codec/1.13/commons-codec-1.13.jar:"/>
    <property name="sun.cpu.endian" value="little"/>
    <property name="user.home" value="/home/nicolas"/>
    <property name="user.language" value="en"/>
    <property name="java.specification.vendor" value="Oracle Corporation"/>
    <property name="java.version.date" value="2020-10-20"/>
    <property name="java.home" value="/usr/lib/jvm/java-11-oracle"/>
    <property name="file.separator" value="/"/>
    <property name="basedir" value="/home/nicolas/IdeaProjects/micro-services-without-spring/customers"/>
    <property name="java.vm.compressedOopsMode" value="Zero based"/>
    <property name="line.separator" value="&#10;"/>
    <property name="java.specification.name" value="Java Platform API Specification"/>
    <property name="java.vm.specification.vendor" value="Oracle Corporation"/>
    <property name="java.awt.graphicsenv" value="sun.awt.X11GraphicsEnvironment"/>
    <property name="surefire.real.class.path" value="/home/nicolas/IdeaProjects/micro-services-without-spring/customers/target/surefire/surefirebooter12879778580787888594.jar"/>
    <property name="sun.management.compiler" value="HotSpot 64-Bit Tiered Compilers"/>
    <property name="java.runtime.version" value="11.0.9+7-LTS"/>
    <property name="user.name" value="nicolas"/>
    <property name="path.separator" value=":"/>
    <property name="os.version" value="5.4.0-65-generic"/>
    <property name="java.runtime.name" value="Java(TM) SE Runtime Environment"/>
    <property name="file.encoding" value="UTF-8"/>
    <property name="java.vm.name" value="Java HotSpot(TM) 64-Bit Server VM"/>
    <property name="java.vendor.version" value="18.9"/>
    <property name="localRepository" value="/home/nicolas/.m2/repository"/>
    <property name="java.vendor.url.bug" value="https://bugreport.java.com/bugreport/"/>
    <property name="java.io.tmpdir" value="/tmp"/>
    <property name="java.version" value="11.0.9"/>
    <property name="user.dir" value="/home/nicolas/IdeaProjects/micro-services-without-spring/customers"/>
    <property name="os.arch" value="amd64"/>
    <property name="java.vm.specification.name" value="Java Virtual Machine Specification"/>
    <property name="java.awt.printerjob" value="sun.print.PSPrinterJob"/>
    <property name="sun.os.patch.level" value="unknown"/>
    <property name="java.library.path" value="/usr/java/packages/lib:/usr/lib64:/lib64:/lib:/usr/lib"/>
    <property name="java.vendor" value="Oracle Corporation"/>
    <property name="java.vm.info" value="mixed mode"/>
    <property name="java.vm.version" value="11.0.9+7-LTS"/>
    <property name="sun.io.unicode.encoding" value="UnicodeLittle"/>
    <property name="java.class.version" value="55.0"/>
  </properties>
  <testcase name="testGetCustomers" classname="fr.simplex_software.micro_services_without_spring.customers.tests.TestCustomers" time="0.594"/>
  <testcase name="testGetCustomerByRef" classname="fr.simplex_software.micro_services_without_spring.customers.tests.TestCustomers" time="0.005"/>
  <testcase name="testUpdateCustomer" classname="fr.simplex_software.micro_services_without_spring.customers.tests.TestCustomers" time="0.013"/>
  <testcase name="testCreateCustomer" classname="fr.simplex_software.micro_services_without_spring.customers.tests.TestCustomers" time="0.004"/>
  <testcase name="testGetCustomerIdByRef" classname="fr.simplex_software.micro_services_without_spring.customers.tests.TestCustomers" time="0.004"/>
  <testcase name="testDeleteCustomer" classname="fr.simplex_software.micro_services_without_spring.customers.tests.TestCustomers" time="0.003"/>
  <testcase name="testGetCustomer" classname="fr.simplex_software.micro_services_without_spring.customers.tests.TestCustomers" time="0.003"/>
</testsuite>